
> site-star-mousse@0.0.0 start
> node --max-http-header-size=16384 app.js

◇ injected env (13) from .env // tip: ◈ secrets for agents [www.dotenvx.com]
connected to MongoDB (remote)
✅ Serveur prêt sur le port 5000 avec toutes les routes activées
[0mGET /api/health [32m200 [0m11.343 ms - 94[0m
[Proxy] Message reçu : "bonjour" | Dimension détectée localement : null
[0mPOST /api/chatbot/chat [32m200 [0m100.928 ms - 121[0m
[0mGET /api/products/recommended?limit=3 [32m200 [0m179.756 ms - 912[0m
[0mPOST /api/users/login [32m200 [0m146.486 ms - 395[0m
[0mGET /api/products [32m200 [0m84.724 ms - 12036[0m
[0mGET /api/products [32m200 [0m104.686 ms - 12036[0m
[0mGET /api/orders/getAllOrders [32m200 [0m119.052 ms - 2425[0m
[0mGET /api/orders/getAllOrders [32m200 [0m119.856 ms - 2425[0m
[0mGET /api/products [36m304 [0m73.752 ms - -[0m
[0mGET /api/orders/getAllOrders [36m304 [0m132.863 ms - -[0m
[0mGET /api/orders/getAllOrders [36m304 [0m100.862 ms - -[0m
[0mGET /api/orders/getAllOrders [32m200 [0m106.045 ms - 2425[0m
[0mGET /api/products/recommended?limit=3 [32m200 [0m124.668 ms - 912[0m
[0mGET /api/products/recommended?limit=3 [32m200 [0m133.774 ms - 912[0m
[0mGET /api/products [36m304 [0m74.030 ms - -[0m
[0mGET /api/products [32m200 [0m86.312 ms - 12036[0m
[0mGET /api/orders/getAllOrders [36m304 [0m105.207 ms - -[0m
[0mGET /api/orders/getAllOrders [32m200 [0m118.263 ms - 2425[0m
[0mGET /api/products/recommended?limit=3 [32m200 [0m109.389 ms - 912[0m
[0mGET /api/products/recommended?limit=3 [36m304 [0m120.378 ms - -[0m
[0mGET /api/products [36m304 [0m90.542 ms - -[0m
[0mGET /api/products [32m200 [0m96.271 ms - 12036[0m
[0mGET /api/orders/getAllOrders [36m304 [0m112.555 ms - -[0m
[0mGET /api/orders/getAllOrders [32m200 [0m141.178 ms - 2425[0m
[0mGET /api/products [36m304 [0m73.909 ms - -[0m
[0mGET /api/orders/getAllOrders [36m304 [0m110.290 ms - -[0m
[0mGET /api/orders/getAllOrders [32m200 [0m102.591 ms - 2425[0m
[0mGET /api/orders/getAllOrders [36m304 [0m107.432 ms - -[0m
[0mGET /api/orders/getAllOrders [36m304 [0m93.170 ms - -[0m
[0mGET /api/orders/getAllOrders [36m304 [0m82.490 ms - -[0m
[0mGET /api/orders/getAllOrders [36m304 [0m95.780 ms - -[0m
[0mGET /api/products [36m304 [0m61.331 ms - -[0m
[0mGET /api/products [32m200 [0m73.239 ms - 12036[0m
[0mGET /api/orders/getAllOrders [36m304 [0m91.828 ms - -[0m
[0mGET /api/orders/getAllOrders [32m200 [0m127.079 ms - 2425[0m
[0mGET /api/products [36m304 [0m58.229 ms - -[0m
[0mGET /api/categories/getAllCategories [32m200 [0m57.096 ms - 477[0m
[0mGET /api/categories/getAllCategories [32m200 [0m56.526 ms - 477[0m
[0mGET /api/products [32m200 [0m64.536 ms - 12036[0m
[0mGET /api/products/recommended?limit=3 [32m200 [0m103.268 ms - 912[0m
[0mGET /api/products/recommended?limit=3 [36m304 [0m110.429 ms - -[0m
[Proxy] Message reçu : "bonjour" | Dimension détectée localement : null
[0mPOST /api/chatbot/chat [32m200 [0m11.035 ms - 121[0m
[0mGET /api/products/recommended?limit=3 [32m200 [0m115.502 ms - 912[0m
[0mGET /api/products/recommended?limit=3 [36m304 [0m100.753 ms - -[0m
[0mGET /api/products/recommended?limit=3 [36m304 [0m100.003 ms - -[0m
[0mGET /api/products/recommended?limit=3 [36m304 [0m100.788 ms - -[0m
[0mGET /%PUBLIC_URL%/logo-star-mousse.png [33m404 [0m6.128 ms - 176[0m
